<?xml version="1.0" encoding="UTF-8"?>
<testsuite xmlns:xsi="http://www.w3.org/2001/XMLSchema-instance" xsi:noNamespaceSchemaLocation="https://maven.apache.org/surefire/maven-surefire-plugin/xsd/surefire-test-report-3.0.xsd" version="3.0" name="com.jabberpoint.ui.SlideViewerComponentTest" time="0.357" tests="13" errors="0" skipped="0" failures="0">
  <properties>
    <property name="javafx.platform" value="headless"/>
    <property name="java.specification.version" value="21"/>
    <property name="sun.cpu.isalist" value="amd64"/>
    <property name="sun.jnu.encoding" value="Cp1252"/>
    <property name="java.class.path" value="C:\Users\bryan\Desktop\Software-Quality\Jabberpoint-main\target\test-classes;C:\Users\bryan\Desktop\Software-Quality\Jabberpoint-main\target\classes;C:\Users\bryan\.m2\repository\junit\junit\4.13.2\junit-4.13.2.jar;C:\Users\bryan\.m2\repository\org\hamcrest\hamcrest-core\1.3\hamcrest-core-1.3.jar;C:\Users\bryan\.m2\repository\org\mockito\mockito-core\4.0.0\mockito-core-4.0.0.jar;C:\Users\bryan\.m2\repository\net\bytebuddy\byte-buddy\1.11.19\byte-buddy-1.11.19.jar;C:\Users\bryan\.m2\repository\net\bytebuddy\byte-buddy-agent\1.11.19\byte-buddy-agent-1.11.19.jar;C:\Users\bryan\.m2\repository\org\objenesis\objenesis\3.2\objenesis-3.2.jar;C:\Users\bryan\.m2\repository\org\testfx\testfx-core\4.0.16-alpha\testfx-core-4.0.16-alpha.jar;C:\Users\bryan\.m2\repository\org\assertj\assertj-core\3.13.2\assertj-core-3.13.2.jar;C:\Users\bryan\.m2\repository\org\testfx\testfx-junit5\4.0.16-alpha\testfx-junit5-4.0.16-alpha.jar;C:\Users\bryan\.m2\repository\org\testfx\openjfx-monocle\jdk-11+26\openjfx-monocle-jdk-11+26.jar;C:\Users\bryan\.m2\repository\org\openjfx\javafx-base\11-ea+25\javafx-base-11-ea+25-win.jar;C:\Users\bryan\.m2\repository\org\openjfx\javafx-controls\11-ea+25\javafx-controls-11-ea+25-win.jar;C:\Users\bryan\.m2\repository\org\openjfx\javafx-graphics\11-ea+25\javafx-graphics-11-ea+25.jar;C:\Users\bryan\.m2\repository\org\openjfx\javafx-graphics\11-ea+25\javafx-graphics-11-ea+25-win.jar;C:\Users\bryan\.m2\repository\org\openjfx\javafx-base\11-ea+25\javafx-base-11-ea+25.jar;"/>
    <property name="sun.awt.enableExtraMouseButtons" value="true"/>
    <property name="java.vm.vendor" value="Oracle Corporation"/>
    <property name="sun.arch.data.model" value="64"/>
    <property name="user.variant" value=""/>
    <property name="java.vendor.url" value="https://java.oracle.com/"/>
    <property name="user.timezone" value="Europe/Amsterdam"/>
    <property name="os.name" value="Windows 10"/>
    <property name="java.vm.specification.version" value="21"/>
    <property name="prism.text" value="t2k"/>
    <property name="sun.java.launcher" value="SUN_STANDARD"/>
    <property name="user.country" value="NL"/>
    <property name="sun.boot.library.path" value="C:\Program Files\Java\jdk-21\bin"/>
    <property name="sun.java.command" value="C:\Users\bryan\AppData\Local\Temp\surefire1433994324433143283\surefirebooter-20250405234844446_3.jar C:\Users\bryan\AppData\Local\Temp\surefire1433994324433143283 2025-04-05T23-48-44_279-jvmRun1 surefire-20250405234844446_1tmp surefire_0-20250405234844446_2tmp"/>
    <property name="jdk.debug" value="release"/>
    <property name="surefire.test.class.path" value="C:\Users\bryan\Desktop\Software-Quality\Jabberpoint-main\target\test-classes;C:\Users\bryan\Desktop\Software-Quality\Jabberpoint-main\target\classes;C:\Users\bryan\.m2\repository\junit\junit\4.13.2\junit-4.13.2.jar;C:\Users\bryan\.m2\repository\org\hamcrest\hamcrest-core\1.3\hamcrest-core-1.3.jar;C:\Users\bryan\.m2\repository\org\mockito\mockito-core\4.0.0\mockito-core-4.0.0.jar;C:\Users\bryan\.m2\repository\net\bytebuddy\byte-buddy\1.11.19\byte-buddy-1.11.19.jar;C:\Users\bryan\.m2\repository\net\bytebuddy\byte-buddy-agent\1.11.19\byte-buddy-agent-1.11.19.jar;C:\Users\bryan\.m2\repository\org\objenesis\objenesis\3.2\objenesis-3.2.jar;C:\Users\bryan\.m2\repository\org\testfx\testfx-core\4.0.16-alpha\testfx-core-4.0.16-alpha.jar;C:\Users\bryan\.m2\repository\org\assertj\assertj-core\3.13.2\assertj-core-3.13.2.jar;C:\Users\bryan\.m2\repository\org\testfx\testfx-junit5\4.0.16-alpha\testfx-junit5-4.0.16-alpha.jar;C:\Users\bryan\.m2\repository\org\testfx\openjfx-monocle\jdk-11+26\openjfx-monocle-jdk-11+26.jar;C:\Users\bryan\.m2\repository\org\openjfx\javafx-base\11-ea+25\javafx-base-11-ea+25-win.jar;C:\Users\bryan\.m2\repository\org\openjfx\javafx-controls\11-ea+25\javafx-controls-11-ea+25-win.jar;C:\Users\bryan\.m2\repository\org\openjfx\javafx-graphics\11-ea+25\javafx-graphics-11-ea+25.jar;C:\Users\bryan\.m2\repository\org\openjfx\javafx-graphics\11-ea+25\javafx-graphics-11-ea+25-win.jar;C:\Users\bryan\.m2\repository\org\openjfx\javafx-base\11-ea+25\javafx-base-11-ea+25.jar;"/>
    <property name="sun.cpu.endian" value="little"/>
    <property name="user.home" value="C:\Users\bryan"/>
    <property name="user.language" value="nl"/>
    <property name="java.specification.vendor" value="Oracle Corporation"/>
    <property name="java.version.date" value="2024-01-16"/>
    <property name="java.home" value="C:\Program Files\Java\jdk-21"/>
    <property name="file.separator" value="\"/>
    <property name="basedir" value="C:\Users\bryan\Desktop\Software-Quality\Jabberpoint-main"/>
    <property name="java.vm.compressedOopsMode" value="Zero based"/>
    <property name="line.separator" value="&#10;"/>
    <property name="prism.order" value="sw"/>
    <property name="java.vm.specification.vendor" value="Oracle Corporation"/>
    <property name="java.specification.name" value="Java Platform API Specification"/>
    <property name="testfx.robot" value="glass"/>
    <property name="java.awt.headless" value="true"/>
    <property name="surefire.real.class.path" value="C:\Users\bryan\AppData\Local\Temp\surefire1433994324433143283\surefirebooter-20250405234844446_3.jar"/>
    <property name="user.script" value=""/>
    <property name="sun.management.compiler" value="HotSpot 64-Bit Tiered Compilers"/>
    <property name="java.runtime.version" value="21.0.2+13-LTS-58"/>
    <property name="user.name" value="bryan"/>
    <property name="stdout.encoding" value="Cp1252"/>
    <property name="path.separator" value=";"/>
    <property name="os.version" value="10.0"/>
    <property name="java.runtime.name" value="Java(TM) SE Runtime Environment"/>
    <property name="file.encoding" value="UTF-8"/>
    <property name="java.vm.name" value="Java HotSpot(TM) 64-Bit Server VM"/>
    <property name="localRepository" value="C:\Users\bryan\.m2\repository"/>
    <property name="java.vendor.url.bug" value="https://bugreport.java.com/bugreport/"/>
    <property name="java.io.tmpdir" value="C:\Users\bryan\AppData\Local\Temp\"/>
    <property name="java.version" value="21.0.2"/>
    <property name="user.dir" value="C:\Users\bryan\Desktop\Software-Quality\Jabberpoint-main"/>
    <property name="os.arch" value="amd64"/>
    <property name="java.vm.specification.name" value="Java Virtual Machine Specification"/>
    <property name="testfx.headless" value="true"/>
    <property name="sun.os.patch.level" value=""/>
    <property name="javafx.embed.singleThread" value="true"/>
    <property name="native.encoding" value="Cp1252"/>
    <property name="java.library.path" value="C:\Program Files\Java\jdk-21\bin;C:\WINDOWS\Sun\Java\bin;C:\WINDOWS\system32;C:\WINDOWS;C:\Program Files\Common Files\Oracle\Java\javapath;C:\Program Files (x86)\VMware\VMware Workstation\bin\;C:\Program Files (x86)\Common Files\Oracle\Java\javapath;C:\Windows\system32;C:\Windows;C:\Windows\System32\Wbem;C:\Windows\System32\WindowsPowerShell\v1.0\;C:\Windows\System32\OpenSSH\;C:\Program Files (x86)\NVIDIA Corporation\PhysX\Common;C:\Program Files\NVIDIA Corporation\NVIDIA NvDLISR;C:\WINDOWS\system32;C:\WINDOWS;C:\WINDOWS\System32\Wbem;C:\WINDOWS\System32\WindowsPowerShell\v1.0\;C:\WINDOWS\System32\OpenSSH\;C:\Program Files\PuTTY\;C:\Program Files\Docker\Docker\resources\bin;C:\Program Files\Git\cmd;c:\Users\bryan\AppData\Local\Programs\cursor\resources\app\bin;C:\Program Files\nodejs\;C:\Program Files\apache-maven-3.9.9\bin;C:\Users\bryan\AppData\Local\Programs\Python\Python312\Scripts\;C:\Users\bryan\AppData\Local\Programs\Python\Python312\;C:\Users\bryan\AppData\Local\Programs\Python\Launcher\;C:\Users\bryan\AppData\Local\Microsoft\WindowsApps;C:\Users\bryan\AppData\Local\Programs\Microsoft VS Code\bin;C:\Users\bryan\AppData\Local\GitHubDesktop\bin;C:\Users\bryan\OneDrive - NHL Stenden\Desktop\Flutter\flutter\bin;C:\Users\bryan\OneDrive - NHL Stenden\Desktop\Flutter\flutter\flutter\bin;C:\Users\bryan\AppData\Roaming\npm;C:\Users\bryan\.bun\bin;."/>
    <property name="java.vm.info" value="mixed mode, sharing"/>
    <property name="stderr.encoding" value="Cp1252"/>
    <property name="java.vendor" value="Oracle Corporation"/>
    <property name="java.vm.version" value="21.0.2+13-LTS-58"/>
    <property name="sun.io.unicode.encoding" value="UnicodeLittle"/>
    <property name="java.class.version" value="65.0"/>
  </properties>
  <testcase name="updateWithNullDataJustRepaints" classname="com.jabberpoint.ui.SlideViewerComponentTest" time="0.341"/>
  <testcase name="paintComponentWithLargeSlideNumberFormatsCorrectly" classname="com.jabberpoint.ui.SlideViewerComponentTest" time="0.001"/>
  <testcase name="paintComponentWithDifferentBackgroundColors" classname="com.jabberpoint.ui.SlideViewerComponentTest" time="0.001"/>
  <testcase name="updateChangesSlideAndUpdatesFrameTitle" classname="com.jabberpoint.ui.SlideViewerComponentTest" time="0.002"/>
  <testcase name="updateWithDifferentPresentationChangesStoredPresentation" classname="com.jabberpoint.ui.SlideViewerComponentTest" time="0.002"/>
  <testcase name="paintComponentWithZeroSlidesHandlesCorrectly" classname="com.jabberpoint.ui.SlideViewerComponentTest" time="0.001"/>
  <testcase name="getPreferredSizeReturnsCorrectDimensions" classname="com.jabberpoint.ui.SlideViewerComponentTest" time="0.001"/>
  <testcase name="paintComponentDrawsSlideInformation" classname="com.jabberpoint.ui.SlideViewerComponentTest" time="0.001"/>
  <testcase name="paintComponentDoesNothingWhenSlideNumberIsNegative" classname="com.jabberpoint.ui.SlideViewerComponentTest" time="0.001"/>
  <testcase name="componentCreationSucceeds" classname="com.jabberpoint.ui.SlideViewerComponentTest" time="0.001"/>
  <testcase name="paintComponentDrawsSlideNumberAndTotalSlides" classname="com.jabberpoint.ui.SlideViewerComponentTest" time="0.0"/>
  <testcase name="componentIsFocusable" classname="com.jabberpoint.ui.SlideViewerComponentTest" time="0.001"/>
  <testcase name="paintComponentDoesNothingWhenSlideIsNull" classname="com.jabberpoint.ui.SlideViewerComponentTest" time="0.001"/>
</testsuite>