<?xml version="1.0" encoding="UTF-8"?>
<testsuite xmlns:xsi="http://www.w3.org/2001/XMLSchema-instance" xsi:noNamespaceSchemaLocation="https://maven.apache.org/surefire/maven-surefire-plugin/xsd/surefire-test-report-3.0.xsd" version="3.0" name="com.jabberpoint.memento.MementoTest" time="0.0" tests="8" errors="0" skipped="0" failures="0">
  <properties>
    <property name="javafx.platform" value="headless"/>
    <property name="java.specification.version" value="17"/>
    <property name="sun.cpu.isalist" value="amd64"/>
    <property name="sun.jnu.encoding" value="Cp1252"/>
    <property name="java.class.path" value="C:\Users\Gebruiker\Downloads\Software Quality\Software-Quality\Jabberpoint-main\target\test-classes;C:\Users\Gebruiker\Downloads\Software Quality\Software-Quality\Jabberpoint-main\target\classes;C:\Users\Gebruiker\.m2\repository\junit\junit\4.13.2\junit-4.13.2.jar;C:\Users\Gebruiker\.m2\repository\org\hamcrest\hamcrest-core\1.3\hamcrest-core-1.3.jar;C:\Users\Gebruiker\.m2\repository\org\mockito\mockito-core\4.0.0\mockito-core-4.0.0.jar;C:\Users\Gebruiker\.m2\repository\net\bytebuddy\byte-buddy\1.11.19\byte-buddy-1.11.19.jar;C:\Users\Gebruiker\.m2\repository\net\bytebuddy\byte-buddy-agent\1.11.19\byte-buddy-agent-1.11.19.jar;C:\Users\Gebruiker\.m2\repository\org\objenesis\objenesis\3.2\objenesis-3.2.jar;C:\Users\Gebruiker\.m2\repository\org\testfx\testfx-core\4.0.16-alpha\testfx-core-4.0.16-alpha.jar;C:\Users\Gebruiker\.m2\repository\org\assertj\assertj-core\3.13.2\assertj-core-3.13.2.jar;C:\Users\Gebruiker\.m2\repository\org\testfx\testfx-junit5\4.0.16-alpha\testfx-junit5-4.0.16-alpha.jar;C:\Users\Gebruiker\.m2\repository\org\testfx\openjfx-monocle\jdk-11+26\openjfx-monocle-jdk-11+26.jar;C:\Users\Gebruiker\.m2\repository\org\openjfx\javafx-base\11-ea+25\javafx-base-11-ea+25-win.jar;C:\Users\Gebruiker\.m2\repository\org\openjfx\javafx-controls\11-ea+25\javafx-controls-11-ea+25-win.jar;C:\Users\Gebruiker\.m2\repository\org\openjfx\javafx-graphics\11-ea+25\javafx-graphics-11-ea+25.jar;C:\Users\Gebruiker\.m2\repository\org\openjfx\javafx-graphics\11-ea+25\javafx-graphics-11-ea+25-win.jar;C:\Users\Gebruiker\.m2\repository\org\openjfx\javafx-base\11-ea+25\javafx-base-11-ea+25.jar;"/>
    <property name="java.vm.vendor" value="Microsoft"/>
    <property name="sun.arch.data.model" value="64"/>
    <property name="user.variant" value=""/>
    <property name="java.vendor.url" value="https://www.microsoft.com"/>
    <property name="user.timezone" value="Europe/Amsterdam"/>
    <property name="os.name" value="Windows 11"/>
    <property name="java.vm.specification.version" value="17"/>
    <property name="prism.text" value="t2k"/>
    <property name="sun.java.launcher" value="SUN_STANDARD"/>
    <property name="user.country" value="NL"/>
    <property name="sun.boot.library.path" value="C:\Program Files\Microsoft\jdk-17.0.12.7-hotspot\bin"/>
    <property name="sun.java.command" value="C:\Users\Gebruiker\AppData\Local\Temp\surefire3853436694468167309\surefirebooter-20250406003143593_3.jar C:\Users\Gebruiker\AppData\Local\Temp\surefire3853436694468167309 2025-04-06T00-31-43_419-jvmRun1 surefire-20250406003143593_1tmp surefire_0-20250406003143593_2tmp"/>
    <property name="jdk.debug" value="release"/>
    <property name="surefire.test.class.path" value="C:\Users\Gebruiker\Downloads\Software Quality\Software-Quality\Jabberpoint-main\target\test-classes;C:\Users\Gebruiker\Downloads\Software Quality\Software-Quality\Jabberpoint-main\target\classes;C:\Users\Gebruiker\.m2\repository\junit\junit\4.13.2\junit-4.13.2.jar;C:\Users\Gebruiker\.m2\repository\org\hamcrest\hamcrest-core\1.3\hamcrest-core-1.3.jar;C:\Users\Gebruiker\.m2\repository\org\mockito\mockito-core\4.0.0\mockito-core-4.0.0.jar;C:\Users\Gebruiker\.m2\repository\net\bytebuddy\byte-buddy\1.11.19\byte-buddy-1.11.19.jar;C:\Users\Gebruiker\.m2\repository\net\bytebuddy\byte-buddy-agent\1.11.19\byte-buddy-agent-1.11.19.jar;C:\Users\Gebruiker\.m2\repository\org\objenesis\objenesis\3.2\objenesis-3.2.jar;C:\Users\Gebruiker\.m2\repository\org\testfx\testfx-core\4.0.16-alpha\testfx-core-4.0.16-alpha.jar;C:\Users\Gebruiker\.m2\repository\org\assertj\assertj-core\3.13.2\assertj-core-3.13.2.jar;C:\Users\Gebruiker\.m2\repository\org\testfx\testfx-junit5\4.0.16-alpha\testfx-junit5-4.0.16-alpha.jar;C:\Users\Gebruiker\.m2\repository\org\testfx\openjfx-monocle\jdk-11+26\openjfx-monocle-jdk-11+26.jar;C:\Users\Gebruiker\.m2\repository\org\openjfx\javafx-base\11-ea+25\javafx-base-11-ea+25-win.jar;C:\Users\Gebruiker\.m2\repository\org\openjfx\javafx-controls\11-ea+25\javafx-controls-11-ea+25-win.jar;C:\Users\Gebruiker\.m2\repository\org\openjfx\javafx-graphics\11-ea+25\javafx-graphics-11-ea+25.jar;C:\Users\Gebruiker\.m2\repository\org\openjfx\javafx-graphics\11-ea+25\javafx-graphics-11-ea+25-win.jar;C:\Users\Gebruiker\.m2\repository\org\openjfx\javafx-base\11-ea+25\javafx-base-11-ea+25.jar;"/>
    <property name="sun.cpu.endian" value="little"/>
    <property name="user.home" value="C:\Users\Gebruiker"/>
    <property name="user.language" value="nl"/>
    <property name="java.specification.vendor" value="Oracle Corporation"/>
    <property name="java.version.date" value="2024-07-16"/>
    <property name="java.home" value="C:\Program Files\Microsoft\jdk-17.0.12.7-hotspot"/>
    <property name="file.separator" value="\"/>
    <property name="basedir" value="C:\Users\Gebruiker\Downloads\Software Quality\Software-Quality\Jabberpoint-main"/>
    <property name="java.vm.compressedOopsMode" value="Zero based"/>
    <property name="line.separator" value="&#10;"/>
    <property name="prism.order" value="sw"/>
    <property name="java.vm.specification.vendor" value="Oracle Corporation"/>
    <property name="java.specification.name" value="Java Platform API Specification"/>
    <property name="testfx.robot" value="glass"/>
    <property name="java.awt.headless" value="true"/>
    <property name="surefire.real.class.path" value="C:\Users\Gebruiker\AppData\Local\Temp\surefire3853436694468167309\surefirebooter-20250406003143593_3.jar"/>
    <property name="user.script" value=""/>
    <property name="sun.management.compiler" value="HotSpot 64-Bit Tiered Compilers"/>
    <property name="java.runtime.version" value="17.0.12+7-LTS"/>
    <property name="user.name" value="Gebruiker"/>
    <property name="path.separator" value=";"/>
    <property name="os.version" value="10.0"/>
    <property name="java.runtime.name" value="OpenJDK Runtime Environment"/>
    <property name="file.encoding" value="Cp1252"/>
    <property name="java.vm.name" value="OpenJDK 64-Bit Server VM"/>
    <property name="java.vendor.version" value="Microsoft-9889599"/>
    <property name="localRepository" value="C:\Users\Gebruiker\.m2\repository"/>
    <property name="java.vendor.url.bug" value="https://github.com/microsoft/openjdk/issues"/>
    <property name="java.io.tmpdir" value="C:\Users\GEBRUI~1\AppData\Local\Temp\"/>
    <property name="java.version" value="17.0.12"/>
    <property name="user.dir" value="C:\Users\Gebruiker\Downloads\Software Quality\Software-Quality\Jabberpoint-main"/>
    <property name="os.arch" value="amd64"/>
    <property name="java.vm.specification.name" value="Java Virtual Machine Specification"/>
    <property name="testfx.headless" value="true"/>
    <property name="sun.os.patch.level" value=""/>
    <property name="javafx.embed.singleThread" value="true"/>
    <property name="native.encoding" value="Cp1252"/>
    <property name="java.library.path" value="C:\Program Files\Microsoft\jdk-17.0.12.7-hotspot\bin;C:\WINDOWS\Sun\Java\bin;C:\WINDOWS\system32;C:\WINDOWS;C:\Program Files\Microsoft\jdk-17.0.12.7-hotspot\bin;C:\Program Files\Common Files\Oracle\Java\javapath;C:\Program Files (x86)\Common Files\Oracle\Java\javapath;C:\WINDOWS\system32;C:\WINDOWS;C:\WINDOWS\System32\Wbem;C:\WINDOWS\System32\WindowsPowerShell\v1.0\;C:\WINDOWS\System32\OpenSSH\;C:\Program Files\dotnet\;C:\Program Files\Git\cmd;C:\Users\Gebruiker\AppData\Local\Android\Sdk\platform-tools;C:\ProgramData\chocolatey\bin;C:\Program Files\nodejs\;C:\Program Files\Docker\Docker\resources\bin;C:\php-8.4.1;C:\Users\Gebruiker\AppData\Local\Android\Sdk\cmake\3.22.1\bin;C:\Users\Gebruiker\AppData\Local\Programs\Microsoft VS Code\bin;C:\Users\Gebruiker\AppData\Local\Microsoft\WindowsApps;C:\Users\Gebruiker\Downloads\apache-maven-3.9.9-bin\apache-maven-3.9.9\bin;;."/>
    <property name="java.vm.info" value="mixed mode, sharing"/>
    <property name="java.vendor" value="Microsoft"/>
    <property name="java.vm.version" value="17.0.12+7-LTS"/>
    <property name="sun.io.unicode.encoding" value="UnicodeLittle"/>
    <property name="java.class.version" value="61.0"/>
  </properties>
  <testcase name="clearHistoryRemovesAllMementosFromHistory" classname="com.jabberpoint.memento.MementoTest" time="0.0"/>
  <testcase name="mementoConstructorSetsTitleAndSlides" classname="com.jabberpoint.memento.MementoTest" time="0.0"/>
  <testcase name="getAndSetHistoryChangesTheHistoryStackInCaretaker" classname="com.jabberpoint.memento.MementoTest" time="0.0"/>
  <testcase name="presentationCaretakerSaveAndLoadRestoresPresentationState" classname="com.jabberpoint.memento.MementoTest" time="0.0"/>
  <testcase name="presentationCaretakerSupportsMultipleUndos" classname="com.jabberpoint.memento.MementoTest" time="0.0"/>
  <testcase name="setSavedSlidesChangesTheSlidesInMemento" classname="com.jabberpoint.memento.MementoTest" time="0.0"/>
  <testcase name="setSavedTitleChangesTheTitleInMemento" classname="com.jabberpoint.memento.MementoTest" time="0.0"/>
  <testcase name="presentationCaretakerLoadWithEmptyHistoryDoesNotChangePresentation" classname="com.jabberpoint.memento.MementoTest" time="0.0"/>
</testsuite>